0 info it worked if it ends with ok
1 verbose cli [ 'D:\\Node\\setup\\node.exe',
1 verbose cli   'D:\\Node\\setup\\node_modules\\npm\\bin\\npm-cli.js',
1 verbose cli   'run',
1 verbose cli   'build' ]
2 info using npm@4.1.2
3 info using node@v7.5.0
4 verbose run-script [ 'prebuild', 'build', 'postbuild' ]
5 info lifecycle cross-framework@1.0.0~prebuild: cross-framework@1.0.0
6 verbose lifecycle cross-framework@1.0.0~prebuild: unsafe-perm in lifecycle true
7 verbose lifecycle cross-framework@1.0.0~prebuild: PATH: D:\Node\setup\node_modules\npm\bin\node-gyp-bin;E:\cross-framework\node_modules\.bin;D:\ruby\setup\Ruby23-x64\bin;C:\Program Files (x86)\iis express\PHP\v7.1;C:\Windows\system32;C:\Windows;C:\Windows\System32\Wbem;C:\Windows\System32\WindowsPowerShell\v1.0\;D:\Git\setup\Git\cmd;D:\jdk\jdk\bin;D:\jdk\jdk\jre\bin;D:\Node\setup;c:\Program Files (x86)\Microsoft ASP.NET\ASP.NET Web Pages\v1.0\;D:\Node\widgets;C:\Windows\system32\config\systemprofile\.dnx\bin;C:\Program Files\Microsoft DNX\Dnvm\;C:\Program Files (x86)\Windows Kits\8.1\Windows Performance Toolkit\;C:\Program Files\Microsoft SQL Server\120\Tools\Binn\;D:\Node\modules;;D:\VSCode\setup\Microsoft VS Code\bin
8 verbose lifecycle cross-framework@1.0.0~prebuild: CWD: E:\cross-framework
9 silly lifecycle cross-framework@1.0.0~prebuild: Args: [ '/d /s /c', 'fis3 release -d ./build/web' ]
10 silly lifecycle cross-framework@1.0.0~prebuild: Returned: code: 1  signal: null
11 info lifecycle cross-framework@1.0.0~prebuild: Failed to exec prebuild script
12 verbose stack Error: cross-framework@1.0.0 prebuild: `fis3 release -d ./build/web`
12 verbose stack Exit status 1
12 verbose stack     at EventEmitter.<anonymous> (D:\Node\setup\node_modules\npm\lib\utils\lifecycle.js:279:16)
12 verbose stack     at emitTwo (events.js:106:13)
12 verbose stack     at EventEmitter.emit (events.js:192:7)
12 verbose stack     at ChildProcess.<anonymous> (D:\Node\setup\node_modules\npm\lib\utils\spawn.js:40:14)
12 verbose stack     at emitTwo (events.js:106:13)
12 verbose stack     at ChildProcess.emit (events.js:192:7)
12 verbose stack     at maybeClose (internal/child_process.js:890:16)
12 verbose stack     at Process.ChildProcess._handle.onexit (internal/child_process.js:226:5)
13 verbose pkgid cross-framework@1.0.0
14 verbose cwd E:\cross-framework
15 error Windows_NT 6.1.7601
16 error argv "D:\\Node\\setup\\node.exe" "D:\\Node\\setup\\node_modules\\npm\\bin\\npm-cli.js" "run" "build"
17 error node v7.5.0
18 error npm  v4.1.2
19 error code ELIFECYCLE
20 error cross-framework@1.0.0 prebuild: `fis3 release -d ./build/web`
20 error Exit status 1
21 error Failed at the cross-framework@1.0.0 prebuild script 'fis3 release -d ./build/web'.
21 error Make sure you have the latest version of node.js and npm installed.
21 error If you do, this is most likely a problem with the cross-framework package,
21 error not with npm itself.
21 error Tell the author that this fails on your system:
21 error     fis3 release -d ./build/web
21 error You can get information on how to open an issue for this project with:
21 error     npm bugs cross-framework
21 error Or if that isn't available, you can get their info via:
21 error     npm owner ls cross-framework
21 error There is likely additional logging output above.
22 verbose exit [ 1, true ]
